0 info it worked if it ends with ok
1 verbose cli [ 'node',
1 verbose cli   '/usr/local/bin/npm',
1 verbose cli   'install',
1 verbose cli   '-g',
1 verbose cli   'generator-ionic' ]
2 info using npm@1.4.28
3 info using node@v0.10.35
4 verbose cache add [ 'generator-ionic', null ]
5 verbose cache add name=undefined spec="generator-ionic" args=["generator-ionic",null]
6 verbose parsed url { protocol: null,
6 verbose parsed url   slashes: null,
6 verbose parsed url   auth: null,
6 verbose parsed url   host: null,
6 verbose parsed url   port: null,
6 verbose parsed url   hostname: null,
6 verbose parsed url   hash: null,
6 verbose parsed url   search: null,
6 verbose parsed url   query: null,
6 verbose parsed url   pathname: 'generator-ionic',
6 verbose parsed url   path: 'generator-ionic',
6 verbose parsed url   href: 'generator-ionic' }
7 silly lockFile 576cebe4-generator-ionic generator-ionic
8 verbose lock generator-ionic /Users/ryanmccarter/.npm/576cebe4-generator-ionic.lock
9 silly lockFile 576cebe4-generator-ionic generator-ionic
10 silly lockFile 576cebe4-generator-ionic generator-ionic
11 verbose addNamed [ 'generator-ionic', '' ]
12 verbose addNamed [ null, '*' ]
13 silly lockFile 4765a098-generator-ionic generator-ionic@
14 verbose lock generator-ionic@ /Users/ryanmccarter/.npm/4765a098-generator-ionic.lock
15 silly addNameRange { name: 'generator-ionic', range: '*', hasData: false }
16 verbose request where is /generator-ionic
17 verbose request registry https://registry.npmjs.org/
18 verbose request id 5f6241d587289de4
19 verbose url raw /generator-ionic
20 verbose url resolving [ 'https://registry.npmjs.org/', './generator-ionic' ]
21 verbose url resolved https://registry.npmjs.org/generator-ionic
22 verbose request where is https://registry.npmjs.org/generator-ionic
23 info trying registry request attempt 1 at 14:56:27
24 http GET https://registry.npmjs.org/generator-ionic
25 http 200 https://registry.npmjs.org/generator-ionic
26 silly registry.get cb [ 200,
26 silly registry.get   { date: 'Tue, 03 Feb 2015 22:56:27 GMT',
26 silly registry.get     server: 'CouchDB/1.5.0 (Erlang OTP/R16B03)',
26 silly registry.get     etag: '"FU2R0CVFVSRD47NAP4OSTIO3"',
26 silly registry.get     'content-type': 'application/json',
26 silly registry.get     'cache-control': 'max-age=60',
26 silly registry.get     'content-length': '42865',
26 silly registry.get     'accept-ranges': 'bytes',
26 silly registry.get     via: '1.1 varnish',
26 silly registry.get     age: '0',
26 silly registry.get     'x-served-by': 'cache-lax1433-LAX',
26 silly registry.get     'x-cache': 'MISS',
26 silly registry.get     'x-cache-hits': '0',
26 silly registry.get     'x-timer': 'S1423004187.485529,VS0,VE213',
26 silly registry.get     vary: 'Accept',
26 silly registry.get     'keep-alive': 'timeout=10, max=50',
26 silly registry.get     connection: 'Keep-Alive' } ]
27 silly addNameRange number 2 { name: 'generator-ionic', range: '*', hasData: true }
28 silly addNameRange versions [ 'generator-ionic',
28 silly addNameRange   [ '0.2.6',
28 silly addNameRange     '0.2.7',
28 silly addNameRange     '0.2.8',
28 silly addNameRange     '0.2.9',
28 silly addNameRange     '0.2.10',
28 silly addNameRange     '0.2.11',
28 silly addNameRange     '0.3.0',
28 silly addNameRange     '0.3.1',
28 silly addNameRange     '0.3.2',
28 silly addNameRange     '0.3.3',
28 silly addNameRange     '0.3.4',
28 silly addNameRange     '0.3.5',
28 silly addNameRange     '0.3.6',
28 silly addNameRange     '0.3.7',
28 silly addNameRange     '0.4.0',
28 silly addNameRange     '0.4.1',
28 silly addNameRange     '0.5.0',
28 silly addNameRange     '0.5.1',
28 silly addNameRange     '0.5.2',
28 silly addNameRange     '0.5.3',
28 silly addNameRange     '0.5.4',
28 silly addNameRange     '0.6.0',
28 silly addNameRange     '0.6.1' ] ]
29 verbose addNamed [ 'generator-ionic', '0.6.1' ]
30 verbose addNamed [ '0.6.1', '0.6.1' ]
31 silly lockFile 063a7405-generator-ionic-0-6-1 generator-ionic@0.6.1
32 verbose lock generator-ionic@0.6.1 /Users/ryanmccarter/.npm/063a7405-generator-ionic-0-6-1.lock
33 silly lockFile 14fb6bab--ionic-generator-ionic-0-6-1-tgz https://registry.npmjs.org/generator-ionic/-/generator-ionic-0.6.1.tgz
34 verbose lock https://registry.npmjs.org/generator-ionic/-/generator-ionic-0.6.1.tgz /Users/ryanmccarter/.npm/14fb6bab--ionic-generator-ionic-0-6-1-tgz.lock
35 verbose addRemoteTarball [ 'https://registry.npmjs.org/generator-ionic/-/generator-ionic-0.6.1.tgz',
35 verbose addRemoteTarball   '35cbc7d417cbcc9c186d0eabbcae6695bb2d409a' ]
36 info retry fetch attempt 1 at 14:56:27
37 verbose fetch to= /var/folders/43/9lfjcvts1s1442rs3bb3w5v40000gn/T/npm-31318-hp_xFc08/registry.npmjs.org/generator-ionic/-/generator-ionic-0.6.1.tgz
38 http GET https://registry.npmjs.org/generator-ionic/-/generator-ionic-0.6.1.tgz
39 http 200 https://registry.npmjs.org/generator-ionic/-/generator-ionic-0.6.1.tgz
40 silly lockFile 14fb6bab--ionic-generator-ionic-0-6-1-tgz https://registry.npmjs.org/generator-ionic/-/generator-ionic-0.6.1.tgz
41 silly lockFile 14fb6bab--ionic-generator-ionic-0-6-1-tgz https://registry.npmjs.org/generator-ionic/-/generator-ionic-0.6.1.tgz
42 silly lockFile 063a7405-generator-ionic-0-6-1 generator-ionic@0.6.1
43 silly lockFile 063a7405-generator-ionic-0-6-1 generator-ionic@0.6.1
44 silly lockFile 4765a098-generator-ionic generator-ionic@
45 silly lockFile 4765a098-generator-ionic generator-ionic@
46 silly resolved [ { name: 'generator-ionic',
46 silly resolved     version: '0.6.1',
46 silly resolved     description: 'A generator for the Ionic Framework',
46 silly resolved     keywords:
46 silly resolved      [ 'yeoman-generator',
46 silly resolved        'ionic',
46 silly resolved        'framework',
46 silly resolved        'ionicframework',
46 silly resolved        'angularjs',
46 silly resolved        'hybrid',
46 silly resolved        'mobile',
46 silly resolved        'app' ],
46 silly resolved     homepage: 'https://github.com/diegonetto/generator-ionic',
46 silly resolved     bugs: { url: 'https://github.com/diegonetto/generator-ionic/issues' },
46 silly resolved     author:
46 silly resolved      { name: 'Diego Netto',
46 silly resolved        email: 'diegormnetto@gmail.com',
46 silly resolved        url: 'https://github.com/diegonetto' },
46 silly resolved     main: 'app/index.js',
46 silly resolved     repository:
46 silly resolved      { type: 'git',
46 silly resolved        url: 'git://github.com/diegonetto/generator-ionic.git' },
46 silly resolved     scripts: { test: 'mocha' },
46 silly resolved     dependencies:
46 silly resolved      { 'yeoman-generator': '~0.14.0',
46 silly resolved        mout: '~0.9.0',
46 silly resolved        chalk: '~0.4.0',
46 silly resolved        cordova: '~3.4.0-0.1.2',
46 silly resolved        lodash: '~2.4.1' },
46 silly resolved     devDependencies:
46 silly resolved      { grunt: '~0.4.2',
46 silly resolved        'load-grunt-tasks': '~0.4.0',
46 silly resolved        marked: '~0.3.1',
46 silly resolved        mocha: '~1.14.0',
46 silly resolved        semver: '~2.2.1',
46 silly resolved        'grunt-conventional-changelog': '~1.1.0',
46 silly resolved        'grunt-release': '~0.7.0' },
46 silly resolved     peerDependencies: { yo: '>=1.0.0' },
46 silly resolved     engines: { node: '>=0.8.0', npm: '>=1.2.10' },
46 silly resolved     licenses: [ [Object] ],
46 silly resolved     _id: 'generator-ionic@0.6.1',
46 silly resolved     _shasum: '35cbc7d417cbcc9c186d0eabbcae6695bb2d409a',
46 silly resolved     _from: 'generator-ionic@',
46 silly resolved     _npmVersion: '1.4.7',
46 silly resolved     _npmUser: { name: 'diegonetto', email: 'diegormnetto@gmail.com' },
46 silly resolved     maintainers: [ [Object] ],
46 silly resolved     dist:
46 silly resolved      { shasum: '35cbc7d417cbcc9c186d0eabbcae6695bb2d409a',
46 silly resolved        tarball: 'http://registry.npmjs.org/generator-ionic/-/generator-ionic-0.6.1.tgz' },
46 silly resolved     directories: {},
46 silly resolved     _resolved: 'https://registry.npmjs.org/generator-ionic/-/generator-ionic-0.6.1.tgz' } ]
47 info install generator-ionic@0.6.1 into /usr/local/lib
48 info installOne generator-ionic@0.6.1
49 verbose lib/node_modules/generator-ionic unbuild
50 verbose tar unpack /Users/ryanmccarter/.npm/generator-ionic/0.6.1/package.tgz
51 silly lockFile dbf12ced-lib-node-modules-generator-ionic tar:///usr/local/lib/node_modules/generator-ionic
52 verbose lock tar:///usr/local/lib/node_modules/generator-ionic /Users/ryanmccarter/.npm/dbf12ced-lib-node-modules-generator-ionic.lock
53 silly lockFile e064cdee-enerator-ionic-0-6-1-package-tgz tar:///Users/ryanmccarter/.npm/generator-ionic/0.6.1/package.tgz
54 verbose lock tar:///Users/ryanmccarter/.npm/generator-ionic/0.6.1/package.tgz /Users/ryanmccarter/.npm/e064cdee-enerator-ionic-0-6-1-package-tgz.lock
55 silly gunzTarPerm modes [ '755', '644' ]
56 error Error: EACCES, mkdir '/usr/local/lib/node_modules/generator-ionic'
56 error  { [Error: EACCES, mkdir '/usr/local/lib/node_modules/generator-ionic']
56 error   errno: 3,
56 error   code: 'EACCES',
56 error   path: '/usr/local/lib/node_modules/generator-ionic',
56 error   fstream_type: 'Directory',
56 error   fstream_path: '/usr/local/lib/node_modules/generator-ionic',
56 error   fstream_class: 'DirWriter',
56 error   fstream_stack:
56 error    [ '/usr/local/lib/node_modules/npm/node_modules/fstream/lib/dir-writer.js:36:23',
56 error      '/usr/local/lib/node_modules/npm/node_modules/mkdirp/index.js:46:53',
56 error      'Object.oncomplete (fs.js:108:15)' ] }
57 error Please try running this command again as root/Administrator.
58 error System Darwin 14.0.0
59 error command "node" "/usr/local/bin/npm" "install" "-g" "generator-ionic"
60 error cwd /Users/ryanmccarter/Wicked-Baby-1
61 error node -v v0.10.35
62 error npm -v 1.4.28
63 error path /usr/local/lib/node_modules/generator-ionic
64 error fstream_path /usr/local/lib/node_modules/generator-ionic
65 error fstream_type Directory
66 error fstream_class DirWriter
67 error code EACCES
68 error errno 3
69 error stack Error: EACCES, mkdir '/usr/local/lib/node_modules/generator-ionic'
70 error fstream_stack /usr/local/lib/node_modules/npm/node_modules/fstream/lib/dir-writer.js:36:23
70 error fstream_stack /usr/local/lib/node_modules/npm/node_modules/mkdirp/index.js:46:53
70 error fstream_stack Object.oncomplete (fs.js:108:15)
71 verbose exit [ 3, true ]
